2026-05-10 21:02:02.693 INFO  o.example.affaci.AffaciApplication — Starting AffaciApplication using Java 17.0.17 with PID 22524 (/Users/erikomaraliev/IdeaProjects/afaci_back/target/classes started by erikomaraliev in /Users/erikomaraliev/IdeaProjects/afaci_back)
2026-05-10 21:02:02.694 INFO  o.example.affaci.AffaciApplication — No active profile set, falling back to 1 default profile: "default"
2026-05-10 21:02:03.022 INFO  o.s.d.r.c.RepositoryConfigurationDelegate — Multiple Spring Data modules found, entering strict repository configuration mode
2026-05-10 21:02:03.022 INFO  o.s.d.r.c.RepositoryConfigurationDelegate — Bootstrapping Spring Data JDBC repositories in DEFAULT mode.
2026-05-10 21:02:03.033 INFO  o.s.d.r.c.RepositoryConfigurationExtensionSupport — Spring Data JDBC - Could not safely identify store assignment for repository candidate interface org.example.affaci.Repo.CategoriesRepository; If you want this repository to be a JDBC repository, consider annotating your entities with one of these annotations: org.springframework.data.relational.core.mapping.Table.
2026-05-10 21:02:03.033 INFO  o.s.d.r.c.RepositoryConfigurationExtensionSupport — Spring Data JDBC - Could not safely identify store assignment for repository candidate interface org.example.affaci.Repo.ProductTranslateRepo; If you want this repository to be a JDBC repository, consider annotating your entities with one of these annotations: org.springframework.data.relational.core.mapping.Table.
2026-05-10 21:02:03.034 INFO  o.s.d.r.c.RepositoryConfigurationExtensionSupport — Spring Data JDBC - Could not safely identify store assignment for repository candidate interface org.example.affaci.Repo.ProductsRepository; If you want this repository to be a JDBC repository, consider annotating your entities with one of these annotations: org.springframework.data.relational.core.mapping.Table.
2026-05-10 21:02:03.034 INFO  o.s.d.r.c.RepositoryConfigurationExtensionSupport — Spring Data JDBC - Could not safely identify store assignment for repository candidate interface org.example.affaci.Repo.RecipeRepo; If you want this repository to be a JDBC repository, consider annotating your entities with one of these annotations: org.springframework.data.relational.core.mapping.Table.
2026-05-10 21:02:03.035 INFO  o.s.d.r.c.RepositoryConfigurationExtensionSupport — Spring Data JDBC - Could not safely identify store assignment for repository candidate interface org.example.affaci.Repo.RegionsRepository; If you want this repository to be a JDBC repository, consider annotating your entities with one of these annotations: org.springframework.data.relational.core.mapping.Table.
2026-05-10 21:02:03.035 INFO  o.s.d.r.c.RepositoryConfigurationExtensionSupport — Spring Data JDBC - Could not safely identify store assignment for repository candidate interface org.example.affaci.Repo.SessionRepo; If you want this repository to be a JDBC repository, consider annotating your entities with one of these annotations: org.springframework.data.relational.core.mapping.Table.
2026-05-10 21:02:03.035 INFO  o.s.d.r.c.RepositoryConfigurationExtensionSupport — Spring Data JDBC - Could not safely identify store assignment for repository candidate interface org.example.affaci.Repo.UserRepo; If you want this repository to be a JDBC repository, consider annotating your entities with one of these annotations: org.springframework.data.relational.core.mapping.Table.
2026-05-10 21:02:03.035 INFO  o.s.d.r.c.RepositoryConfigurationExtensionSupport — Spring Data JDBC - Could not safely identify store assignment for repository candidate interface org.example.affaci.Repo.photoRepository; If you want this repository to be a JDBC repository, consider annotating your entities with one of these annotations: org.springframework.data.relational.core.mapping.Table.
2026-05-10 21:02:03.036 INFO  o.s.d.r.c.RepositoryConfigurationDelegate — Finished Spring Data repository scanning in 11 ms. Found 0 JDBC repository interfaces.
2026-05-10 21:02:03.039 INFO  o.s.d.r.c.RepositoryConfigurationDelegate — Multiple Spring Data modules found, entering strict repository configuration mode
2026-05-10 21:02:03.039 INFO  o.s.d.r.c.RepositoryConfigurationDelegate — Bootstrapping Spring Data JPA repositories in DEFAULT mode.
2026-05-10 21:02:03.051 INFO  o.s.d.r.c.RepositoryConfigurationDelegate — Finished Spring Data repository scanning in 10 ms. Found 8 JPA repository interfaces.
2026-05-10 21:02:03.167 WARN  o.s.c.s.PostProcessorRegistrationDelegate$BeanPostProcessorChecker — Bean 'org.springframework.ws.config.annotation.DelegatingWsConfiguration' of type [org.springframework.ws.config.annotation.DelegatingWsConfiguration$$SpringCGLIB$$0] is not eligible for getting processed by all BeanPostProcessors (for example: not eligible for auto-proxying). The currently created BeanPostProcessor [annotationActionEndpointMapping] is declared through a non-static factory method on that class; consider declaring it as static instead.
2026-05-10 21:02:03.178 INFO  o.s.w.s.a.s.AnnotationActionEndpointMapping — Supporting [WS-Addressing August 2004, WS-Addressing 1.0]
2026-05-10 21:02:03.265 INFO  o.s.b.w.e.tomcat.TomcatWebServer — Tomcat initialized with port 9876 (http)
2026-05-10 21:02:03.270 INFO  o.a.catalina.core.StandardService — Starting service [Tomcat]
2026-05-10 21:02:03.271 INFO  o.a.catalina.core.StandardEngine — Starting Servlet engine: [Apache Tomcat/10.1.34]
2026-05-10 21:02:03.296 INFO  o.a.c.c.C.[Tomcat].[localhost].[/] — Initializing Spring embedded WebApplicationContext
2026-05-10 21:02:03.296 INFO  o.s.b.w.s.c.ServletWebServerApplicationContext — Root WebApplicationContext: initialization completed in 590 ms
2026-05-10 21:02:03.362 INFO  o.h.jpa.internal.util.LogHelper — HHH000204: Processing PersistenceUnitInfo [name: default]
2026-05-10 21:02:03.391 INFO  org.hibernate.Version — HHH000412: Hibernate ORM core version 6.6.5.Final
2026-05-10 21:02:03.406 INFO  o.h.c.i.RegionFactoryInitiator — HHH000026: Second-level cache disabled
2026-05-10 21:02:03.517 INFO  o.s.o.j.p.SpringPersistenceUnitInfo — No LoadTimeWeaver setup: ignoring JPA class transformer
2026-05-10 21:02:03.531 INFO  com.zaxxer.hikari.HikariDataSource — HikariPool-1 - Starting...
2026-05-10 21:02:03.574 INFO  com.zaxxer.hikari.pool.HikariPool — HikariPool-1 - Added connection org.postgresql.jdbc.PgConnection@321c2a7
2026-05-10 21:02:03.574 INFO  com.zaxxer.hikari.HikariDataSource — HikariPool-1 - Start completed.
2026-05-10 21:02:03.600 WARN  org.hibernate.orm.deprecation — HHH90000025: PostgreSQLDialect does not need to be specified explicitly using 'hibernate.dialect' (remove the property setting and it will be selected by default)
2026-05-10 21:02:03.606 INFO  o.hibernate.orm.connections.pooling — HHH10001005: Database info:
	Database JDBC URL [Connecting through datasource 'HikariDataSource (HikariPool-1)']
	Database driver: undefined/unknown
	Database version: 15.14
	Autocommit mode: undefined/unknown
	Isolation level: undefined/unknown
	Minimum pool size: undefined/unknown
	Maximum pool size: undefined/unknown
2026-05-10 21:02:04.026 INFO  o.h.e.t.j.p.i.JtaPlatformInitiator — HHH000489: No JTA platform available (set 'hibernate.transaction.jta.platform' to enable JTA platform integration)
2026-05-10 21:02:04.465 INFO  o.s.o.j.LocalContainerEntityManagerFactoryBean — Initialized JPA EntityManagerFactory for persistence unit 'default'
2026-05-10 21:02:04.697 INFO  o.s.d.j.r.query.QueryEnhancerFactory — Hibernate is in classpath; If applicable, HQL parser will be used.
2026-05-10 21:02:05.078 WARN  o.s.b.a.o.j.JpaBaseConfiguration$JpaWebConfiguration — spring.jpa.open-in-view is enabled by default. Therefore, database queries may be performed during view rendering. Explicitly configure spring.jpa.open-in-view to disable this warning
2026-05-10 21:02:05.197 INFO  o.s.v.b.OptionalValidatorFactoryBean — Failed to set up a Bean Validation provider: jakarta.validation.NoProviderFoundException: Unable to create a Configuration, because no Jakarta Bean Validation provider could be found. Add a provider like Hibernate Validator (RI) to your classpath.
2026-05-10 21:02:05.225 WARN  o.s.b.a.t.ThymeleafAutoConfiguration$DefaultTemplateResolverConfiguration — Cannot find template location: classpath:/templates/ (please add some templates, check your Thymeleaf configuration, or set spring.thymeleaf.check-template-location=false)
2026-05-10 21:02:05.324 INFO  o.s.b.w.e.tomcat.TomcatWebServer — Tomcat started on port 9876 (http) with context path '/'
2026-05-10 21:02:05.329 INFO  o.example.affaci.AffaciApplication — Started AffaciApplication in 2.828 seconds (process running for 3.04)
2026-05-10 21:02:05.354 INFO  o.s.b.a.l.ConditionEvaluationReportLogger — 

Error starting ApplicationContext. To display the condition evaluation report re-run your application with 'debug' enabled.
2026-05-10 21:02:05.358 ERROR o.s.boot.SpringApplication — Application run failed
java.lang.IllegalStateException: Failed to execute ApplicationRunner
	at org.springframework.boot.SpringApplication.lambda$callRunner$6(SpringApplication.java:795)
	at org.springframework.util.function.ThrowingConsumer.accept(ThrowingConsumer.java:66)
	at org.springframework.util.function.ThrowingConsumer$1.accept(ThrowingConsumer.java:86)
	at org.springframework.boot.SpringApplication.callRunner(SpringApplication.java:796)
	at org.springframework.boot.SpringApplication.callRunner(SpringApplication.java:784)
	at org.springframework.boot.SpringApplication.lambda$callRunners$3(SpringApplication.java:772)
	at java.base/java.util.stream.ForEachOps$ForEachOp$OfRef.accept(ForEachOps.java:183)
	at java.base/java.util.stream.SortedOps$SizedRefSortingSink.end(SortedOps.java:357)
	at java.base/java.util.stream.AbstractPipeline.copyInto(AbstractPipeline.java:510)
	at java.base/java.util.stream.AbstractPipeline.wrapAndCopyInto(AbstractPipeline.java:499)
	at java.base/java.util.stream.ForEachOps$ForEachOp.evaluateSequential(ForEachOps.java:150)
	at java.base/java.util.stream.ForEachOps$ForEachOp$OfRef.evaluateSequential(ForEachOps.java:173)
	at java.base/java.util.stream.AbstractPipeline.evaluate(AbstractPipeline.java:234)
	at java.base/java.util.stream.ReferencePipeline.forEach(ReferencePipeline.java:596)
	at org.springframework.boot.SpringApplication.callRunners(SpringApplication.java:772)
	at org.springframework.boot.SpringApplication.run(SpringApplication.java:325)
	at org.springframework.boot.SpringApplication.run(SpringApplication.java:1361)
	at org.springframework.boot.SpringApplication.run(SpringApplication.java:1350)
	at org.example.affaci.AffaciApplication.main(AffaciApplication.java:10)
Caused by: java.net.ConnectException: Failed to connect to /127.0.0.1:9000
	at okhttp3.internal.connection.RealConnection.connectSocket(RealConnection.kt:297)
	at okhttp3.internal.connection.RealConnection.connect(RealConnection.kt:207)
	at okhttp3.internal.connection.ExchangeFinder.findConnection(ExchangeFinder.kt:226)
	at okhttp3.internal.connection.ExchangeFinder.findHealthyConnection(ExchangeFinder.kt:106)
	at okhttp3.internal.connection.ExchangeFinder.find(ExchangeFinder.kt:74)
	at okhttp3.internal.connection.RealCall.initExchange$okhttp(RealCall.kt:255)
	at okhttp3.internal.connection.ConnectInterceptor.intercept(ConnectInterceptor.kt:32)
	at okhttp3.internal.http.RealInterceptorChain.proceed(RealInterceptorChain.kt:109)
	at okhttp3.internal.cache.CacheInterceptor.intercept(CacheInterceptor.kt:95)
	at okhttp3.internal.http.RealInterceptorChain.proceed(RealInterceptorChain.kt:109)
	at okhttp3.internal.http.BridgeInterceptor.intercept(BridgeInterceptor.kt:83)
	at okhttp3.internal.http.RealInterceptorChain.proceed(RealInterceptorChain.kt:109)
	at okhttp3.internal.http.RetryAndFollowUpInterceptor.intercept(RetryAndFollowUpInterceptor.kt:76)
	at okhttp3.internal.http.RealInterceptorChain.proceed(RealInterceptorChain.kt:109)
	at okhttp3.internal.connection.RealCall.getResponseWithInterceptorChain$okhttp(RealCall.kt:201)
	at okhttp3.internal.connection.RealCall$AsyncCall.run(RealCall.kt:517)
	at java.base/java.util.concurrent.ThreadPoolExecutor.runWorker(ThreadPoolExecutor.java:1136)
	at java.base/java.util.concurrent.ThreadPoolExecutor$Worker.run(ThreadPoolExecutor.java:635)
	at java.base/java.lang.Thread.run(Thread.java:840)
Caused by: java.net.ConnectException: Connection refused
	at java.base/sun.nio.ch.Net.pollConnect(Native Method)
	at java.base/sun.nio.ch.Net.pollConnectNow(Net.java:672)
	at java.base/sun.nio.ch.NioSocketImpl.timedFinishConnect(NioSocketImpl.java:554)
	at java.base/sun.nio.ch.NioSocketImpl.connect(NioSocketImpl.java:602)
	at java.base/java.net.SocksSocketImpl.connect(SocksSocketImpl.java:327)
	at java.base/java.net.Socket.connect(Socket.java:633)
	at okhttp3.internal.platform.Platform.connectSocket(Platform.kt:128)
	at okhttp3.internal.connection.RealConnection.connectSocket(RealConnection.kt:295)
	... 18 common frames omitted
2026-05-10 21:02:05.360 INFO  o.s.b.w.e.tomcat.GracefulShutdown — Commencing graceful shutdown. Waiting for active requests to complete
2026-05-10 21:02:05.361 INFO  o.s.b.w.e.tomcat.GracefulShutdown — Graceful shutdown complete
2026-05-10 21:02:05.363 INFO  o.s.o.j.LocalContainerEntityManagerFactoryBean — Closing JPA EntityManagerFactory for persistence unit 'default'
2026-05-10 21:02:05.364 INFO  com.zaxxer.hikari.HikariDataSource — HikariPool-1 - Shutdown initiated...
2026-05-10 21:02:05.364 INFO  com.zaxxer.hikari.HikariDataSource — HikariPool-1 - Shutdown completed.
2026-05-10 21:02:57.638 INFO  o.example.affaci.AffaciApplication — Starting AffaciApplication using Java 17.0.17 with PID 22660 (/Users/erikomaraliev/IdeaProjects/afaci_back/target/classes started by erikomaraliev in /Users/erikomaraliev/IdeaProjects/afaci_back)
2026-05-10 21:02:57.639 INFO  o.example.affaci.AffaciApplication — No active profile set, falling back to 1 default profile: "default"
2026-05-10 21:02:57.914 INFO  o.s.d.r.c.RepositoryConfigurationDelegate — Multiple Spring Data modules found, entering strict repository configuration mode
2026-05-10 21:02:57.914 INFO  o.s.d.r.c.RepositoryConfigurationDelegate — Bootstrapping Spring Data JDBC repositories in DEFAULT mode.
2026-05-10 21:02:57.926 INFO  o.s.d.r.c.RepositoryConfigurationExtensionSupport — Spring Data JDBC - Could not safely identify store assignment for repository candidate interface org.example.affaci.Repo.CategoriesRepository; If you want this repository to be a JDBC repository, consider annotating your entities with one of these annotations: org.springframework.data.relational.core.mapping.Table.
2026-05-10 21:02:57.927 INFO  o.s.d.r.c.RepositoryConfigurationExtensionSupport — Spring Data JDBC - Could not safely identify store assignment for repository candidate interface org.example.affaci.Repo.ProductTranslateRepo; If you want this repository to be a JDBC repository, consider annotating your entities with one of these annotations: org.springframework.data.relational.core.mapping.Table.
2026-05-10 21:02:57.927 INFO  o.s.d.r.c.RepositoryConfigurationExtensionSupport — Spring Data JDBC - Could not safely identify store assignment for repository candidate interface org.example.affaci.Repo.ProductsRepository; If you want this repository to be a JDBC repository, consider annotating your entities with one of these annotations: org.springframework.data.relational.core.mapping.Table.
2026-05-10 21:02:57.928 INFO  o.s.d.r.c.RepositoryConfigurationExtensionSupport — Spring Data JDBC - Could not safely identify store assignment for repository candidate interface org.example.affaci.Repo.RecipeRepo; If you want this repository to be a JDBC repository, consider annotating your entities with one of these annotations: org.springframework.data.relational.core.mapping.Table.
2026-05-10 21:02:57.928 INFO  o.s.d.r.c.RepositoryConfigurationExtensionSupport — Spring Data JDBC - Could not safely identify store assignment for repository candidate interface org.example.affaci.Repo.RegionsRepository; If you want this repository to be a JDBC repository, consider annotating your entities with one of these annotations: org.springframework.data.relational.core.mapping.Table.
2026-05-10 21:02:57.928 INFO  o.s.d.r.c.RepositoryConfigurationExtensionSupport — Spring Data JDBC - Could not safely identify store assignment for repository candidate interface org.example.affaci.Repo.SessionRepo; If you want this repository to be a JDBC repository, consider annotating your entities with one of these annotations: org.springframework.data.relational.core.mapping.Table.
2026-05-10 21:02:57.929 INFO  o.s.d.r.c.RepositoryConfigurationExtensionSupport — Spring Data JDBC - Could not safely identify store assignment for repository candidate interface org.example.affaci.Repo.UserRepo; If you want this repository to be a JDBC repository, consider annotating your entities with one of these annotations: org.springframework.data.relational.core.mapping.Table.
2026-05-10 21:02:57.929 INFO  o.s.d.r.c.RepositoryConfigurationExtensionSupport — Spring Data JDBC - Could not safely identify store assignment for repository candidate interface org.example.affaci.Repo.photoRepository; If you want this repository to be a JDBC repository, consider annotating your entities with one of these annotations: org.springframework.data.relational.core.mapping.Table.
2026-05-10 21:02:57.929 INFO  o.s.d.r.c.RepositoryConfigurationDelegate — Finished Spring Data repository scanning in 12 ms. Found 0 JDBC repository interfaces.
2026-05-10 21:02:57.933 INFO  o.s.d.r.c.RepositoryConfigurationDelegate — Multiple Spring Data modules found, entering strict repository configuration mode
2026-05-10 21:02:57.933 INFO  o.s.d.r.c.RepositoryConfigurationDelegate — Bootstrapping Spring Data JPA repositories in DEFAULT mode.
2026-05-10 21:02:57.945 INFO  o.s.d.r.c.RepositoryConfigurationDelegate — Finished Spring Data repository scanning in 10 ms. Found 8 JPA repository interfaces.
2026-05-10 21:02:58.037 WARN  o.s.c.s.PostProcessorRegistrationDelegate$BeanPostProcessorChecker — Bean 'org.springframework.ws.config.annotation.DelegatingWsConfiguration' of type [org.springframework.ws.config.annotation.DelegatingWsConfiguration$$SpringCGLIB$$0] is not eligible for getting processed by all BeanPostProcessors (for example: not eligible for auto-proxying). The currently created BeanPostProcessor [annotationActionEndpointMapping] is declared through a non-static factory method on that class; consider declaring it as static instead.
2026-05-10 21:02:58.044 INFO  o.s.w.s.a.s.AnnotationActionEndpointMapping — Supporting [WS-Addressing August 2004, WS-Addressing 1.0]
2026-05-10 21:02:58.112 INFO  o.s.b.w.e.tomcat.TomcatWebServer — Tomcat initialized with port 9876 (http)
2026-05-10 21:02:58.116 INFO  o.a.catalina.core.StandardService — Starting service [Tomcat]
2026-05-10 21:02:58.116 INFO  o.a.catalina.core.StandardEngine — Starting Servlet engine: [Apache Tomcat/10.1.34]
2026-05-10 21:02:58.139 INFO  o.a.c.c.C.[Tomcat].[localhost].[/] — Initializing Spring embedded WebApplicationContext
2026-05-10 21:02:58.140 INFO  o.s.b.w.s.c.ServletWebServerApplicationContext — Root WebApplicationContext: initialization completed in 489 ms
2026-05-10 21:02:58.204 INFO  o.h.jpa.internal.util.LogHelper — HHH000204: Processing PersistenceUnitInfo [name: default]
2026-05-10 21:02:58.232 INFO  org.hibernate.Version — HHH000412: Hibernate ORM core version 6.6.5.Final
2026-05-10 21:02:58.243 INFO  o.h.c.i.RegionFactoryInitiator — HHH000026: Second-level cache disabled
2026-05-10 21:02:58.336 INFO  o.s.o.j.p.SpringPersistenceUnitInfo — No LoadTimeWeaver setup: ignoring JPA class transformer
2026-05-10 21:02:58.350 INFO  com.zaxxer.hikari.HikariDataSource — HikariPool-1 - Starting...
2026-05-10 21:02:58.384 INFO  com.zaxxer.hikari.pool.HikariPool — HikariPool-1 - Added connection org.postgresql.jdbc.PgConnection@1818390b
2026-05-10 21:02:58.385 INFO  com.zaxxer.hikari.HikariDataSource — HikariPool-1 - Start completed.
2026-05-10 21:02:58.398 WARN  org.hibernate.orm.deprecation — HHH90000025: PostgreSQLDialect does not need to be specified explicitly using 'hibernate.dialect' (remove the property setting and it will be selected by default)
2026-05-10 21:02:58.405 INFO  o.hibernate.orm.connections.pooling — HHH10001005: Database info:
	Database JDBC URL [Connecting through datasource 'HikariDataSource (HikariPool-1)']
	Database driver: undefined/unknown
	Database version: 15.14
	Autocommit mode: undefined/unknown
	Isolation level: undefined/unknown
	Minimum pool size: undefined/unknown
	Maximum pool size: undefined/unknown
2026-05-10 21:02:58.807 INFO  o.h.e.t.j.p.i.JtaPlatformInitiator — HHH000489: No JTA platform available (set 'hibernate.transaction.jta.platform' to enable JTA platform integration)
2026-05-10 21:02:59.237 INFO  o.s.o.j.LocalContainerEntityManagerFactoryBean — Initialized JPA EntityManagerFactory for persistence unit 'default'
2026-05-10 21:02:59.467 INFO  o.s.d.j.r.query.QueryEnhancerFactory — Hibernate is in classpath; If applicable, HQL parser will be used.
2026-05-10 21:02:59.842 WARN  o.s.b.a.o.j.JpaBaseConfiguration$JpaWebConfiguration — spring.jpa.open-in-view is enabled by default. Therefore, database queries may be performed during view rendering. Explicitly configure spring.jpa.open-in-view to disable this warning
2026-05-10 21:02:59.952 INFO  o.s.v.b.OptionalValidatorFactoryBean — Failed to set up a Bean Validation provider: jakarta.validation.NoProviderFoundException: Unable to create a Configuration, because no Jakarta Bean Validation provider could be found. Add a provider like Hibernate Validator (RI) to your classpath.
2026-05-10 21:02:59.978 WARN  o.s.b.a.t.ThymeleafAutoConfiguration$DefaultTemplateResolverConfiguration — Cannot find template location: classpath:/templates/ (please add some templates, check your Thymeleaf configuration, or set spring.thymeleaf.check-template-location=false)
2026-05-10 21:03:00.081 INFO  o.s.b.w.e.tomcat.TomcatWebServer — Tomcat started on port 9876 (http) with context path '/'
2026-05-10 21:03:00.085 INFO  o.example.affaci.AffaciApplication — Started AffaciApplication in 2.617 seconds (process running for 2.793)
2026-05-10 21:03:00.712 INFO  o.a.c.c.C.[Tomcat].[localhost].[/] — Initializing Spring DispatcherServlet 'dispatcherServlet'
2026-05-10 21:03:00.713 INFO  o.s.web.servlet.DispatcherServlet — Initializing Servlet 'dispatcherServlet'
2026-05-10 21:03:00.713 INFO  o.s.web.servlet.DispatcherServlet — Completed initialization in 0 ms
2026-05-10 21:03:00.783 WARN  o.s.d.w.c.SpringDataJacksonConfiguration$PageModule$WarningLoggingModifier — Serializing PageImpl instances as-is is not supported, meaning that there is no guarantee about the stability of the resulting JSON structure!
	For a stable JSON structure, please use Spring Data's PagedModel (globally via @EnableSpringDataWebSupport(pageSerializationMode = VIA_DTO))
	or Spring HATEOAS and Spring Data's PagedResourcesAssembler as documented in https://docs.spring.io/spring-data/commons/reference/repositories/core-extensions.html#core.web.pageables.

2026-05-10 21:30:05.457 WARN  com.zaxxer.hikari.pool.HikariPool — HikariPool-1 - Thread starvation or clock leap detected (housekeeper delta=4m36s780ms).
2026-05-10 21:35:03.934 INFO  o.s.b.w.e.tomcat.GracefulShutdown — Commencing graceful shutdown. Waiting for active requests to complete
2026-05-10 21:35:03.935 INFO  o.s.b.w.e.tomcat.GracefulShutdown — Graceful shutdown complete
2026-05-10 21:35:03.938 INFO  o.s.o.j.LocalContainerEntityManagerFactoryBean — Closing JPA EntityManagerFactory for persistence unit 'default'
2026-05-10 21:35:03.939 INFO  com.zaxxer.hikari.HikariDataSource — HikariPool-1 - Shutdown initiated...
2026-05-10 21:35:03.939 INFO  com.zaxxer.hikari.HikariDataSource — HikariPool-1 - Shutdown completed.
2026-05-10 21:35:06.392 INFO  o.example.affaci.AffaciApplication — Starting AffaciApplication using Java 17.0.17 with PID 25821 (/Users/erikomaraliev/IdeaProjects/afaci_back/target/classes started by erikomaraliev in /Users/erikomaraliev/IdeaProjects/afaci_back)
2026-05-10 21:35:06.393 INFO  o.example.affaci.AffaciApplication — No active profile set, falling back to 1 default profile: "default"
2026-05-10 21:35:06.655 INFO  o.s.d.r.c.RepositoryConfigurationDelegate — Multiple Spring Data modules found, entering strict repository configuration mode
2026-05-10 21:35:06.656 INFO  o.s.d.r.c.RepositoryConfigurationDelegate — Bootstrapping Spring Data JDBC repositories in DEFAULT mode.
2026-05-10 21:35:06.666 INFO  o.s.d.r.c.RepositoryConfigurationExtensionSupport — Spring Data JDBC - Could not safely identify store assignment for repository candidate interface org.example.affaci.Repo.CategoriesRepository; If you want this repository to be a JDBC repository, consider annotating your entities with one of these annotations: org.springframework.data.relational.core.mapping.Table.
2026-05-10 21:35:06.667 INFO  o.s.d.r.c.RepositoryConfigurationExtensionSupport — Spring Data JDBC - Could not safely identify store assignment for repository candidate interface org.example.affaci.Repo.ProductTranslateRepo; If you want this repository to be a JDBC repository, consider annotating your entities with one of these annotations: org.springframework.data.relational.core.mapping.Table.
2026-05-10 21:35:06.667 INFO  o.s.d.r.c.RepositoryConfigurationExtensionSupport — Spring Data JDBC - Could not safely identify store assignment for repository candidate interface org.example.affaci.Repo.ProductsRepository; If you want this repository to be a JDBC repository, consider annotating your entities with one of these annotations: org.springframework.data.relational.core.mapping.Table.
2026-05-10 21:35:06.668 INFO  o.s.d.r.c.RepositoryConfigurationExtensionSupport — Spring Data JDBC - Could not safely identify store assignment for repository candidate interface org.example.affaci.Repo.RecipeRepo; If you want this repository to be a JDBC repository, consider annotating your entities with one of these annotations: org.springframework.data.relational.core.mapping.Table.
2026-05-10 21:35:06.668 INFO  o.s.d.r.c.RepositoryConfigurationExtensionSupport — Spring Data JDBC - Could not safely identify store assignment for repository candidate interface org.example.affaci.Repo.RegionsRepository; If you want this repository to be a JDBC repository, consider annotating your entities with one of these annotations: org.springframework.data.relational.core.mapping.Table.
2026-05-10 21:35:06.668 INFO  o.s.d.r.c.RepositoryConfigurationExtensionSupport — Spring Data JDBC - Could not safely identify store assignment for repository candidate interface org.example.affaci.Repo.SessionRepo; If you want this repository to be a JDBC repository, consider annotating your entities with one of these annotations: org.springframework.data.relational.core.mapping.Table.
2026-05-10 21:35:06.668 INFO  o.s.d.r.c.RepositoryConfigurationExtensionSupport — Spring Data JDBC - Could not safely identify store assignment for repository candidate interface org.example.affaci.Repo.UserRepo; If you want this repository to be a JDBC repository, consider annotating your entities with one of these annotations: org.springframework.data.relational.core.mapping.Table.
2026-05-10 21:35:06.669 INFO  o.s.d.r.c.RepositoryConfigurationExtensionSupport — Spring Data JDBC - Could not safely identify store assignment for repository candidate interface org.example.affaci.Repo.photoRepository; If you want this repository to be a JDBC repository, consider annotating your entities with one of these annotations: org.springframework.data.relational.core.mapping.Table.
2026-05-10 21:35:06.669 INFO  o.s.d.r.c.RepositoryConfigurationDelegate — Finished Spring Data repository scanning in 11 ms. Found 0 JDBC repository interfaces.
2026-05-10 21:35:06.673 INFO  o.s.d.r.c.RepositoryConfigurationDelegate — Multiple Spring Data modules found, entering strict repository configuration mode
2026-05-10 21:35:06.673 INFO  o.s.d.r.c.RepositoryConfigurationDelegate — Bootstrapping Spring Data JPA repositories in DEFAULT mode.
2026-05-10 21:35:06.687 INFO  o.s.d.r.c.RepositoryConfigurationDelegate — Finished Spring Data repository scanning in 10 ms. Found 8 JPA repository interfaces.
2026-05-10 21:35:06.793 WARN  o.s.c.s.PostProcessorRegistrationDelegate$BeanPostProcessorChecker — Bean 'org.springframework.ws.config.annotation.DelegatingWsConfiguration' of type [org.springframework.ws.config.annotation.DelegatingWsConfiguration$$SpringCGLIB$$0] is not eligible for getting processed by all BeanPostProcessors (for example: not eligible for auto-proxying). The currently created BeanPostProcessor [annotationActionEndpointMapping] is declared through a non-static factory method on that class; consider declaring it as static instead.
2026-05-10 21:35:06.800 INFO  o.s.w.s.a.s.AnnotationActionEndpointMapping — Supporting [WS-Addressing August 2004, WS-Addressing 1.0]
2026-05-10 21:35:06.869 INFO  o.s.b.w.e.tomcat.TomcatWebServer — Tomcat initialized with port 9876 (http)
2026-05-10 21:35:06.873 INFO  o.a.catalina.core.StandardService — Starting service [Tomcat]
2026-05-10 21:35:06.873 INFO  o.a.catalina.core.StandardEngine — Starting Servlet engine: [Apache Tomcat/10.1.34]
2026-05-10 21:35:06.892 INFO  o.a.c.c.C.[Tomcat].[localhost].[/] — Initializing Spring embedded WebApplicationContext
2026-05-10 21:35:06.892 INFO  o.s.b.w.s.c.ServletWebServerApplicationContext — Root WebApplicationContext: initialization completed in 488 ms
2026-05-10 21:35:06.942 INFO  o.h.jpa.internal.util.LogHelper — HHH000204: Processing PersistenceUnitInfo [name: default]
2026-05-10 21:35:06.964 INFO  org.hibernate.Version — HHH000412: Hibernate ORM core version 6.6.5.Final
2026-05-10 21:35:06.974 INFO  o.h.c.i.RegionFactoryInitiator — HHH000026: Second-level cache disabled
2026-05-10 21:35:07.054 INFO  o.s.o.j.p.SpringPersistenceUnitInfo — No LoadTimeWeaver setup: ignoring JPA class transformer
2026-05-10 21:35:07.063 INFO  com.zaxxer.hikari.HikariDataSource — HikariPool-1 - Starting...
2026-05-10 21:35:07.091 INFO  com.zaxxer.hikari.pool.HikariPool — HikariPool-1 - Added connection org.postgresql.jdbc.PgConnection@18d22ecf
2026-05-10 21:35:07.091 INFO  com.zaxxer.hikari.HikariDataSource — HikariPool-1 - Start completed.
2026-05-10 21:35:07.106 WARN  org.hibernate.orm.deprecation — HHH90000025: PostgreSQLDialect does not need to be specified explicitly using 'hibernate.dialect' (remove the property setting and it will be selected by default)
2026-05-10 21:35:07.111 INFO  o.hibernate.orm.connections.pooling — HHH10001005: Database info:
	Database JDBC URL [Connecting through datasource 'HikariDataSource (HikariPool-1)']
	Database driver: undefined/unknown
	Database version: 15.14
	Autocommit mode: undefined/unknown
	Isolation level: undefined/unknown
	Minimum pool size: undefined/unknown
	Maximum pool size: undefined/unknown
2026-05-10 21:35:07.477 INFO  o.h.e.t.j.p.i.JtaPlatformInitiator — HHH000489: No JTA platform available (set 'hibernate.transaction.jta.platform' to enable JTA platform integration)
2026-05-10 21:35:07.898 INFO  o.s.o.j.LocalContainerEntityManagerFactoryBean — Initialized JPA EntityManagerFactory for persistence unit 'default'
2026-05-10 21:35:08.117 INFO  o.s.d.j.r.query.QueryEnhancerFactory — Hibernate is in classpath; If applicable, HQL parser will be used.
2026-05-10 21:35:08.473 WARN  o.s.b.a.o.j.JpaBaseConfiguration$JpaWebConfiguration — spring.jpa.open-in-view is enabled by default. Therefore, database queries may be performed during view rendering. Explicitly configure spring.jpa.open-in-view to disable this warning
2026-05-10 21:35:08.576 INFO  o.s.v.b.OptionalValidatorFactoryBean — Failed to set up a Bean Validation provider: jakarta.validation.NoProviderFoundException: Unable to create a Configuration, because no Jakarta Bean Validation provider could be found. Add a provider like Hibernate Validator (RI) to your classpath.
2026-05-10 21:35:08.601 WARN  o.s.b.a.t.ThymeleafAutoConfiguration$DefaultTemplateResolverConfiguration — Cannot find template location: classpath:/templates/ (please add some templates, check your Thymeleaf configuration, or set spring.thymeleaf.check-template-location=false)
2026-05-10 21:35:08.700 INFO  o.s.b.w.e.tomcat.TomcatWebServer — Tomcat started on port 9876 (http) with context path '/'
2026-05-10 21:35:08.705 INFO  o.example.affaci.AffaciApplication — Started AffaciApplication in 2.477 seconds (process running for 2.653)
2026-05-10 21:35:14.849 INFO  o.a.c.c.C.[Tomcat].[localhost].[/] — Initializing Spring DispatcherServlet 'dispatcherServlet'
2026-05-10 21:35:14.849 INFO  o.s.web.servlet.DispatcherServlet — Initializing Servlet 'dispatcherServlet'
2026-05-10 21:35:14.850 INFO  o.s.web.servlet.DispatcherServlet — Completed initialization in 1 ms
2026-05-10 21:39:37.284 INFO  o.s.b.w.e.tomcat.GracefulShutdown — Commencing graceful shutdown. Waiting for active requests to complete
2026-05-10 21:39:37.285 INFO  o.s.b.w.e.tomcat.GracefulShutdown — Graceful shutdown complete
2026-05-10 21:39:37.288 INFO  o.s.o.j.LocalContainerEntityManagerFactoryBean — Closing JPA EntityManagerFactory for persistence unit 'default'
2026-05-10 21:39:37.289 INFO  com.zaxxer.hikari.HikariDataSource — HikariPool-1 - Shutdown initiated...
2026-05-10 21:39:37.289 INFO  com.zaxxer.hikari.HikariDataSource — HikariPool-1 - Shutdown completed.
2026-05-10 21:39:39.966 INFO  o.example.affaci.AffaciApplication — Starting AffaciApplication using Java 17.0.17 with PID 26342 (/Users/erikomaraliev/IdeaProjects/afaci_back/target/classes started by erikomaraliev in /Users/erikomaraliev/IdeaProjects/afaci_back)
2026-05-10 21:39:39.967 INFO  o.example.affaci.AffaciApplication — No active profile set, falling back to 1 default profile: "default"
2026-05-10 21:39:40.209 INFO  o.s.d.r.c.RepositoryConfigurationDelegate — Multiple Spring Data modules found, entering strict repository configuration mode
2026-05-10 21:39:40.209 INFO  o.s.d.r.c.RepositoryConfigurationDelegate — Bootstrapping Spring Data JDBC repositories in DEFAULT mode.
2026-05-10 21:39:40.222 INFO  o.s.d.r.c.RepositoryConfigurationExtensionSupport — Spring Data JDBC - Could not safely identify store assignment for repository candidate interface org.example.affaci.Repo.CategoriesRepository; If you want this repository to be a JDBC repository, consider annotating your entities with one of these annotations: org.springframework.data.relational.core.mapping.Table.
2026-05-10 21:39:40.222 INFO  o.s.d.r.c.RepositoryConfigurationExtensionSupport — Spring Data JDBC - Could not safely identify store assignment for repository candidate interface org.example.affaci.Repo.ProductTranslateRepo; If you want this repository to be a JDBC repository, consider annotating your entities with one of these annotations: org.springframework.data.relational.core.mapping.Table.
2026-05-10 21:39:40.223 INFO  o.s.d.r.c.RepositoryConfigurationExtensionSupport — Spring Data JDBC - Could not safely identify store assignment for repository candidate interface org.example.affaci.Repo.ProductsRepository; If you want this repository to be a JDBC repository, consider annotating your entities with one of these annotations: org.springframework.data.relational.core.mapping.Table.
2026-05-10 21:39:40.223 INFO  o.s.d.r.c.RepositoryConfigurationExtensionSupport — Spring Data JDBC - Could not safely identify store assignment for repository candidate interface org.example.affaci.Repo.RecipeRepo; If you want this repository to be a JDBC repository, consider annotating your entities with one of these annotations: org.springframework.data.relational.core.mapping.Table.
2026-05-10 21:39:40.224 INFO  o.s.d.r.c.RepositoryConfigurationExtensionSupport — Spring Data JDBC - Could not safely identify store assignment for repository candidate interface org.example.affaci.Repo.RegionsRepository; If you want this repository to be a JDBC repository, consider annotating your entities with one of these annotations: org.springframework.data.relational.core.mapping.Table.
2026-05-10 21:39:40.224 INFO  o.s.d.r.c.RepositoryConfigurationExtensionSupport — Spring Data JDBC - Could not safely identify store assignment for repository candidate interface org.example.affaci.Repo.SessionRepo; If you want this repository to be a JDBC repository, consider annotating your entities with one of these annotations: org.springframework.data.relational.core.mapping.Table.
2026-05-10 21:39:40.224 INFO  o.s.d.r.c.RepositoryConfigurationExtensionSupport — Spring Data JDBC - Could not safely identify store assignment for repository candidate interface org.example.affaci.Repo.UserRepo; If you want this repository to be a JDBC repository, consider annotating your entities with one of these annotations: org.springframework.data.relational.core.mapping.Table.
2026-05-10 21:39:40.225 INFO  o.s.d.r.c.RepositoryConfigurationExtensionSupport — Spring Data JDBC - Could not safely identify store assignment for repository candidate interface org.example.affaci.Repo.photoRepository; If you want this repository to be a JDBC repository, consider annotating your entities with one of these annotations: org.springframework.data.relational.core.mapping.Table.
2026-05-10 21:39:40.225 INFO  o.s.d.r.c.RepositoryConfigurationDelegate — Finished Spring Data repository scanning in 13 ms. Found 0 JDBC repository interfaces.
2026-05-10 21:39:40.232 INFO  o.s.d.r.c.RepositoryConfigurationDelegate — Multiple Spring Data modules found, entering strict repository configuration mode
2026-05-10 21:39:40.232 INFO  o.s.d.r.c.RepositoryConfigurationDelegate — Bootstrapping Spring Data JPA repositories in DEFAULT mode.
2026-05-10 21:39:40.245 INFO  o.s.d.r.c.RepositoryConfigurationDelegate — Finished Spring Data repository scanning in 11 ms. Found 8 JPA repository interfaces.
2026-05-10 21:39:40.327 WARN  o.s.c.s.PostProcessorRegistrationDelegate$BeanPostProcessorChecker — Bean 'org.springframework.ws.config.annotation.DelegatingWsConfiguration' of type [org.springframework.ws.config.annotation.DelegatingWsConfiguration$$SpringCGLIB$$0] is not eligible for getting processed by all BeanPostProcessors (for example: not eligible for auto-proxying). The currently created BeanPostProcessor [annotationActionEndpointMapping] is declared through a non-static factory method on that class; consider declaring it as static instead.
2026-05-10 21:39:40.333 INFO  o.s.w.s.a.s.AnnotationActionEndpointMapping — Supporting [WS-Addressing August 2004, WS-Addressing 1.0]
2026-05-10 21:39:40.396 INFO  o.s.b.w.e.tomcat.TomcatWebServer — Tomcat initialized with port 9876 (http)
2026-05-10 21:39:40.399 INFO  o.a.catalina.core.StandardService — Starting service [Tomcat]
2026-05-10 21:39:40.399 INFO  o.a.catalina.core.StandardEngine — Starting Servlet engine: [Apache Tomcat/10.1.34]
2026-05-10 21:39:40.417 INFO  o.a.c.c.C.[Tomcat].[localhost].[/] — Initializing Spring embedded WebApplicationContext
2026-05-10 21:39:40.417 INFO  o.s.b.w.s.c.ServletWebServerApplicationContext — Root WebApplicationContext: initialization completed in 439 ms
2026-05-10 21:39:40.470 INFO  o.h.jpa.internal.util.LogHelper — HHH000204: Processing PersistenceUnitInfo [name: default]
2026-05-10 21:39:40.494 INFO  org.hibernate.Version — HHH000412: Hibernate ORM core version 6.6.5.Final
2026-05-10 21:39:40.505 INFO  o.h.c.i.RegionFactoryInitiator — HHH000026: Second-level cache disabled
2026-05-10 21:39:40.583 INFO  o.s.o.j.p.SpringPersistenceUnitInfo — No LoadTimeWeaver setup: ignoring JPA class transformer
2026-05-10 21:39:40.592 INFO  com.zaxxer.hikari.HikariDataSource — HikariPool-1 - Starting...
2026-05-10 21:39:40.619 INFO  com.zaxxer.hikari.pool.HikariPool — HikariPool-1 - Added connection org.postgresql.jdbc.PgConnection@14b48f39
2026-05-10 21:39:40.620 INFO  com.zaxxer.hikari.HikariDataSource — HikariPool-1 - Start completed.
2026-05-10 21:39:40.633 WARN  org.hibernate.orm.deprecation — HHH90000025: PostgreSQLDialect does not need to be specified explicitly using 'hibernate.dialect' (remove the property setting and it will be selected by default)
2026-05-10 21:39:40.641 INFO  o.hibernate.orm.connections.pooling — HHH10001005: Database info:
	Database JDBC URL [Connecting through datasource 'HikariDataSource (HikariPool-1)']
	Database driver: undefined/unknown
	Database version: 15.14
	Autocommit mode: undefined/unknown
	Isolation level: undefined/unknown
	Minimum pool size: undefined/unknown
	Maximum pool size: undefined/unknown
2026-05-10 21:39:41.010 INFO  o.h.e.t.j.p.i.JtaPlatformInitiator — HHH000489: No JTA platform available (set 'hibernate.transaction.jta.platform' to enable JTA platform integration)
2026-05-10 21:39:41.422 INFO  o.s.o.j.LocalContainerEntityManagerFactoryBean — Initialized JPA EntityManagerFactory for persistence unit 'default'
2026-05-10 21:39:41.618 INFO  o.s.d.j.r.query.QueryEnhancerFactory — Hibernate is in classpath; If applicable, HQL parser will be used.
2026-05-10 21:39:41.971 WARN  o.s.b.a.o.j.JpaBaseConfiguration$JpaWebConfiguration — spring.jpa.open-in-view is enabled by default. Therefore, database queries may be performed during view rendering. Explicitly configure spring.jpa.open-in-view to disable this warning
2026-05-10 21:39:42.077 INFO  o.s.v.b.OptionalValidatorFactoryBean — Failed to set up a Bean Validation provider: jakarta.validation.NoProviderFoundException: Unable to create a Configuration, because no Jakarta Bean Validation provider could be found. Add a provider like Hibernate Validator (RI) to your classpath.
2026-05-10 21:39:42.101 WARN  o.s.b.a.t.ThymeleafAutoConfiguration$DefaultTemplateResolverConfiguration — Cannot find template location: classpath:/templates/ (please add some templates, check your Thymeleaf configuration, or set spring.thymeleaf.check-template-location=false)
2026-05-10 21:39:42.193 INFO  o.s.b.w.e.tomcat.TomcatWebServer — Tomcat started on port 9876 (http) with context path '/'
2026-05-10 21:39:42.197 INFO  o.example.affaci.AffaciApplication — Started AffaciApplication in 2.385 seconds (process running for 2.537)
2026-05-10 21:39:45.404 INFO  o.a.c.c.C.[Tomcat].[localhost].[/] — Initializing Spring DispatcherServlet 'dispatcherServlet'
2026-05-10 21:39:45.404 INFO  o.s.web.servlet.DispatcherServlet — Initializing Servlet 'dispatcherServlet'
2026-05-10 21:39:45.405 INFO  o.s.web.servlet.DispatcherServlet — Completed initialization in 0 ms
2026-05-10 21:43:23.718 WARN  o.s.d.w.c.SpringDataJacksonConfiguration$PageModule$WarningLoggingModifier — Serializing PageImpl instances as-is is not supported, meaning that there is no guarantee about the stability of the resulting JSON structure!
	For a stable JSON structure, please use Spring Data's PagedModel (globally via @EnableSpringDataWebSupport(pageSerializationMode = VIA_DTO))
	or Spring HATEOAS and Spring Data's PagedResourcesAssembler as documented in https://docs.spring.io/spring-data/commons/reference/repositories/core-extensions.html#core.web.pageables.

2026-05-10 21:46:46.118 INFO  o.s.b.w.e.tomcat.GracefulShutdown — Commencing graceful shutdown. Waiting for active requests to complete
2026-05-10 21:46:46.119 INFO  o.s.b.w.e.tomcat.GracefulShutdown — Graceful shutdown complete
2026-05-10 21:46:46.122 INFO  o.s.o.j.LocalContainerEntityManagerFactoryBean — Closing JPA EntityManagerFactory for persistence unit 'default'
2026-05-10 21:46:46.123 INFO  com.zaxxer.hikari.HikariDataSource — HikariPool-1 - Shutdown initiated...
2026-05-10 21:46:46.124 INFO  com.zaxxer.hikari.HikariDataSource — HikariPool-1 - Shutdown completed.
2026-05-10 21:46:48.212 INFO  o.example.affaci.AffaciApplication — Starting AffaciApplication using Java 17.0.17 with PID 27150 (/Users/erikomaraliev/IdeaProjects/afaci_back/target/classes started by erikomaraliev in /Users/erikomaraliev/IdeaProjects/afaci_back)
2026-05-10 21:46:48.213 INFO  o.example.affaci.AffaciApplication — No active profile set, falling back to 1 default profile: "default"
2026-05-10 21:46:48.470 INFO  o.s.d.r.c.RepositoryConfigurationDelegate — Multiple Spring Data modules found, entering strict repository configuration mode
2026-05-10 21:46:48.470 INFO  o.s.d.r.c.RepositoryConfigurationDelegate — Bootstrapping Spring Data JDBC repositories in DEFAULT mode.
2026-05-10 21:46:48.483 INFO  o.s.d.r.c.RepositoryConfigurationExtensionSupport — Spring Data JDBC - Could not safely identify store assignment for repository candidate interface org.example.affaci.Repo.CategoriesRepository; If you want this repository to be a JDBC repository, consider annotating your entities with one of these annotations: org.springframework.data.relational.core.mapping.Table.
2026-05-10 21:46:48.483 INFO  o.s.d.r.c.RepositoryConfigurationExtensionSupport — Spring Data JDBC - Could not safely identify store assignment for repository candidate interface org.example.affaci.Repo.ProductTranslateRepo; If you want this repository to be a JDBC repository, consider annotating your entities with one of these annotations: org.springframework.data.relational.core.mapping.Table.
2026-05-10 21:46:48.484 INFO  o.s.d.r.c.RepositoryConfigurationExtensionSupport — Spring Data JDBC - Could not safely identify store assignment for repository candidate interface org.example.affaci.Repo.ProductsRepository; If you want this repository to be a JDBC repository, consider annotating your entities with one of these annotations: org.springframework.data.relational.core.mapping.Table.
2026-05-10 21:46:48.484 INFO  o.s.d.r.c.RepositoryConfigurationExtensionSupport — Spring Data JDBC - Could not safely identify store assignment for repository candidate interface org.example.affaci.Repo.RecipeRepo; If you want this repository to be a JDBC repository, consider annotating your entities with one of these annotations: org.springframework.data.relational.core.mapping.Table.
2026-05-10 21:46:48.485 INFO  o.s.d.r.c.RepositoryConfigurationExtensionSupport — Spring Data JDBC - Could not safely identify store assignment for repository candidate interface org.example.affaci.Repo.RegionsRepository; If you want this repository to be a JDBC repository, consider annotating your entities with one of these annotations: org.springframework.data.relational.core.mapping.Table.
2026-05-10 21:46:48.485 INFO  o.s.d.r.c.RepositoryConfigurationExtensionSupport — Spring Data JDBC - Could not safely identify store assignment for repository candidate interface org.example.affaci.Repo.SessionRepo; If you want this repository to be a JDBC repository, consider annotating your entities with one of these annotations: org.springframework.data.relational.core.mapping.Table.
2026-05-10 21:46:48.485 INFO  o.s.d.r.c.RepositoryConfigurationExtensionSupport — Spring Data JDBC - Could not safely identify store assignment for repository candidate interface org.example.affaci.Repo.UserRepo; If you want this repository to be a JDBC repository, consider annotating your entities with one of these annotations: org.springframework.data.relational.core.mapping.Table.
2026-05-10 21:46:48.486 INFO  o.s.d.r.c.RepositoryConfigurationExtensionSupport — Spring Data JDBC - Could not safely identify store assignment for repository candidate interface org.example.affaci.Repo.photoRepository; If you want this repository to be a JDBC repository, consider annotating your entities with one of these annotations: org.springframework.data.relational.core.mapping.Table.
2026-05-10 21:46:48.486 INFO  o.s.d.r.c.RepositoryConfigurationDelegate — Finished Spring Data repository scanning in 13 ms. Found 0 JDBC repository interfaces.
2026-05-10 21:46:48.490 INFO  o.s.d.r.c.RepositoryConfigurationDelegate — Multiple Spring Data modules found, entering strict repository configuration mode
2026-05-10 21:46:48.490 INFO  o.s.d.r.c.RepositoryConfigurationDelegate — Bootstrapping Spring Data JPA repositories in DEFAULT mode.
2026-05-10 21:46:48.505 INFO  o.s.d.r.c.RepositoryConfigurationDelegate — Finished Spring Data repository scanning in 13 ms. Found 8 JPA repository interfaces.
2026-05-10 21:46:48.592 WARN  o.s.c.s.PostProcessorRegistrationDelegate$BeanPostProcessorChecker — Bean 'org.springframework.ws.config.annotation.DelegatingWsConfiguration' of type [org.springframework.ws.config.annotation.DelegatingWsConfiguration$$SpringCGLIB$$0] is not eligible for getting processed by all BeanPostProcessors (for example: not eligible for auto-proxying). The currently created BeanPostProcessor [annotationActionEndpointMapping] is declared through a non-static factory method on that class; consider declaring it as static instead.
2026-05-10 21:46:48.599 INFO  o.s.w.s.a.s.AnnotationActionEndpointMapping — Supporting [WS-Addressing August 2004, WS-Addressing 1.0]
2026-05-10 21:46:48.664 INFO  o.s.b.w.e.tomcat.TomcatWebServer — Tomcat initialized with port 9876 (http)
2026-05-10 21:46:48.667 INFO  o.a.catalina.core.StandardService — Starting service [Tomcat]
2026-05-10 21:46:48.667 INFO  o.a.catalina.core.StandardEngine — Starting Servlet engine: [Apache Tomcat/10.1.34]
2026-05-10 21:46:48.688 INFO  o.a.c.c.C.[Tomcat].[localhost].[/] — Initializing Spring embedded WebApplicationContext
2026-05-10 21:46:48.688 INFO  o.s.b.w.s.c.ServletWebServerApplicationContext — Root WebApplicationContext: initialization completed in 461 ms
2026-05-10 21:46:48.747 INFO  o.h.jpa.internal.util.LogHelper — HHH000204: Processing PersistenceUnitInfo [name: default]
2026-05-10 21:46:48.773 INFO  org.hibernate.Version — HHH000412: Hibernate ORM core version 6.6.5.Final
2026-05-10 21:46:48.784 INFO  o.h.c.i.RegionFactoryInitiator — HHH000026: Second-level cache disabled
2026-05-10 21:46:48.866 INFO  o.s.o.j.p.SpringPersistenceUnitInfo — No LoadTimeWeaver setup: ignoring JPA class transformer
2026-05-10 21:46:48.876 INFO  com.zaxxer.hikari.HikariDataSource — HikariPool-1 - Starting...
2026-05-10 21:46:48.906 INFO  com.zaxxer.hikari.pool.HikariPool — HikariPool-1 - Added connection org.postgresql.jdbc.PgConnection@1818390b
2026-05-10 21:46:48.907 INFO  com.zaxxer.hikari.HikariDataSource — HikariPool-1 - Start completed.
2026-05-10 21:46:48.922 WARN  org.hibernate.orm.deprecation — HHH90000025: PostgreSQLDialect does not need to be specified explicitly using 'hibernate.dialect' (remove the property setting and it will be selected by default)
2026-05-10 21:46:48.929 INFO  o.hibernate.orm.connections.pooling — HHH10001005: Database info:
	Database JDBC URL [Connecting through datasource 'HikariDataSource (HikariPool-1)']
	Database driver: undefined/unknown
	Database version: 15.14
	Autocommit mode: undefined/unknown
	Isolation level: undefined/unknown
	Minimum pool size: undefined/unknown
	Maximum pool size: undefined/unknown
2026-05-10 21:46:49.312 INFO  o.h.e.t.j.p.i.JtaPlatformInitiator — HHH000489: No JTA platform available (set 'hibernate.transaction.jta.platform' to enable JTA platform integration)
2026-05-10 21:46:49.726 INFO  o.s.o.j.LocalContainerEntityManagerFactoryBean — Initialized JPA EntityManagerFactory for persistence unit 'default'
2026-05-10 21:46:49.938 INFO  o.s.d.j.r.query.QueryEnhancerFactory — Hibernate is in classpath; If applicable, HQL parser will be used.
2026-05-10 21:46:50.288 WARN  o.s.b.a.o.j.JpaBaseConfiguration$JpaWebConfiguration — spring.jpa.open-in-view is enabled by default. Therefore, database queries may be performed during view rendering. Explicitly configure spring.jpa.open-in-view to disable this warning
2026-05-10 21:46:50.391 INFO  o.s.v.b.OptionalValidatorFactoryBean — Failed to set up a Bean Validation provider: jakarta.validation.NoProviderFoundException: Unable to create a Configuration, because no Jakarta Bean Validation provider could be found. Add a provider like Hibernate Validator (RI) to your classpath.
2026-05-10 21:46:50.416 WARN  o.s.b.a.t.ThymeleafAutoConfiguration$DefaultTemplateResolverConfiguration — Cannot find template location: classpath:/templates/ (please add some templates, check your Thymeleaf configuration, or set spring.thymeleaf.check-template-location=false)
2026-05-10 21:46:50.510 INFO  o.s.b.w.e.tomcat.TomcatWebServer — Tomcat started on port 9876 (http) with context path '/'
2026-05-10 21:46:50.514 INFO  o.example.affaci.AffaciApplication — Started AffaciApplication in 2.463 seconds (process running for 2.629)
2026-05-10 21:47:10.804 INFO  o.a.c.c.C.[Tomcat].[localhost].[/] — Initializing Spring DispatcherServlet 'dispatcherServlet'
2026-05-10 21:47:10.804 INFO  o.s.web.servlet.DispatcherServlet — Initializing Servlet 'dispatcherServlet'
2026-05-10 21:47:10.805 INFO  o.s.web.servlet.DispatcherServlet — Completed initialization in 0 ms
